mode: set
github.com/fnk2077/assessment-tax/main.go:19.13,22.16 2 0
github.com/fnk2077/assessment-tax/main.go:22.16,23.13 1 0
github.com/fnk2077/assessment-tax/main.go:25.2,30.40 5 0
github.com/fnk2077/assessment-tax/main.go:30.40,32.3 1 0
github.com/fnk2077/assessment-tax/main.go:34.2,43.12 6 0
github.com/fnk2077/assessment-tax/main.go:43.12,44.89 1 0
github.com/fnk2077/assessment-tax/main.go:44.89,46.4 1 0
github.com/fnk2077/assessment-tax/main.go:49.2,55.40 7 0
github.com/fnk2077/assessment-tax/main.go:55.40,57.3 1 0
github.com/fnk2077/assessment-tax/middleware/auth.go:10.78,11.88 1 0
github.com/fnk2077/assessment-tax/middleware/auth.go:11.88,13.3 1 0
github.com/fnk2077/assessment-tax/middleware/auth.go:14.2,14.19 1 0
github.com/fnk2077/assessment-tax/postgres/postgres.go:17.31,20.16 2 0
github.com/fnk2077/assessment-tax/postgres/postgres.go:20.16,23.3 2 0
github.com/fnk2077/assessment-tax/postgres/postgres.go:24.2,25.16 2 0
github.com/fnk2077/assessment-tax/postgres/postgres.go:25.16,27.3 1 0
github.com/fnk2077/assessment-tax/postgres/postgres.go:29.2,30.68 2 0
github.com/fnk2077/assessment-tax/postgres/postgres.go:30.68,33.3 2 0
github.com/fnk2077/assessment-tax/postgres/postgres.go:35.2,35.30 1 0
github.com/fnk2077/assessment-tax/postgres/postgres.go:38.69,42.16 4 0
github.com/fnk2077/assessment-tax/postgres/postgres.go:42.16,44.3 1 0
github.com/fnk2077/assessment-tax/postgres/postgres.go:45.2,45.20 1 0
github.com/fnk2077/assessment-tax/postgres/postgres.go:48.57,50.16 2 0
github.com/fnk2077/assessment-tax/postgres/postgres.go:50.16,52.3 1 0
github.com/fnk2077/assessment-tax/postgres/postgres.go:53.2,53.13 1 0
github.com/fnk2077/assessment-tax/postgres/postgres.go:53.13,55.17 2 0
github.com/fnk2077/assessment-tax/postgres/postgres.go:55.17,57.4 1 0
github.com/fnk2077/assessment-tax/postgres/postgres.go:58.3,58.60 1 0
github.com/fnk2077/assessment-tax/postgres/postgres.go:60.2,60.12 1 0
github.com/fnk2077/assessment-tax/postgres/postgres.go:63.46,64.19 1 0
github.com/fnk2077/assessment-tax/postgres/postgres.go:65.20,71.80 1 0
github.com/fnk2077/assessment-tax/postgres/postgres.go:72.10,73.12 1 0
github.com/fnk2077/assessment-tax/postgres/tax.go:48.80,50.33 1 0
github.com/fnk2077/assessment-tax/postgres/tax.go:50.33,55.17 3 0
github.com/fnk2077/assessment-tax/postgres/tax.go:55.17,57.4 1 0
github.com/fnk2077/assessment-tax/postgres/tax.go:58.8,58.41 1 0
github.com/fnk2077/assessment-tax/postgres/tax.go:58.41,63.17 3 0
github.com/fnk2077/assessment-tax/postgres/tax.go:63.17,65.4 1 0
github.com/fnk2077/assessment-tax/postgres/tax.go:67.2,67.12 1 0
github.com/fnk2077/assessment-tax/postgres/tax.go:70.78,77.16 6 0
github.com/fnk2077/assessment-tax/postgres/tax.go:77.16,79.3 1 0
github.com/fnk2077/assessment-tax/postgres/tax.go:81.2,81.25 1 0
github.com/fnk2077/assessment-tax/postgres/tax.go:84.114,89.29 4 1
github.com/fnk2077/assessment-tax/postgres/tax.go:89.29,90.44 1 1
github.com/fnk2077/assessment-tax/postgres/tax.go:90.44,91.45 1 1
github.com/fnk2077/assessment-tax/postgres/tax.go:91.45,92.49 1 1
github.com/fnk2077/assessment-tax/postgres/tax.go:92.49,94.6 1 1
github.com/fnk2077/assessment-tax/postgres/tax.go:94.11,96.6 1 1
github.com/fnk2077/assessment-tax/postgres/tax.go:98.4,98.46 1 1
github.com/fnk2077/assessment-tax/postgres/tax.go:98.46,99.48 1 1
github.com/fnk2077/assessment-tax/postgres/tax.go:99.48,101.6 1 1
github.com/fnk2077/assessment-tax/postgres/tax.go:101.11,103.6 1 1
github.com/fnk2077/assessment-tax/postgres/tax.go:108.2,122.36 3 1
github.com/fnk2077/assessment-tax/postgres/tax.go:122.36,123.52 1 1
github.com/fnk2077/assessment-tax/postgres/tax.go:123.52,129.4 2 1
github.com/fnk2077/assessment-tax/postgres/tax.go:129.9,129.35 1 1
github.com/fnk2077/assessment-tax/postgres/tax.go:129.35,134.4 1 1
github.com/fnk2077/assessment-tax/postgres/tax.go:134.9,140.4 2 1
github.com/fnk2077/assessment-tax/postgres/tax.go:143.2,143.27 1 1
github.com/fnk2077/assessment-tax/postgres/tax.go:143.27,145.3 1 1
github.com/fnk2077/assessment-tax/postgres/tax.go:145.8,147.3 1 1
github.com/fnk2077/assessment-tax/postgres/tax.go:149.2,149.25 1 1
github.com/fnk2077/assessment-tax/tax/handler.go:25.30,27.2 1 1
github.com/fnk2077/assessment-tax/tax/handler.go:45.61,47.37 2 1
github.com/fnk2077/assessment-tax/tax/handler.go:47.37,49.3 1 0
github.com/fnk2077/assessment-tax/tax/handler.go:51.2,52.16 2 1
github.com/fnk2077/assessment-tax/tax/handler.go:52.16,54.3 1 1
github.com/fnk2077/assessment-tax/tax/handler.go:56.2,57.16 2 1
github.com/fnk2077/assessment-tax/tax/handler.go:57.16,59.3 1 0
github.com/fnk2077/assessment-tax/tax/handler.go:61.2,61.36 1 1
github.com/fnk2077/assessment-tax/tax/handler.go:65.64,71.33 3 0
github.com/fnk2077/assessment-tax/tax/handler.go:71.33,72.38 1 0
github.com/fnk2077/assessment-tax/tax/handler.go:72.38,74.4 1 0
github.com/fnk2077/assessment-tax/tax/handler.go:76.3,76.26 1 0
github.com/fnk2077/assessment-tax/tax/handler.go:76.26,78.4 1 0
github.com/fnk2077/assessment-tax/tax/handler.go:80.3,80.26 1 0
github.com/fnk2077/assessment-tax/tax/handler.go:80.26,82.4 1 0
github.com/fnk2077/assessment-tax/tax/handler.go:83.8,83.41 1 0
github.com/fnk2077/assessment-tax/tax/handler.go:83.41,84.38 1 0
github.com/fnk2077/assessment-tax/tax/handler.go:84.38,86.4 1 0
github.com/fnk2077/assessment-tax/tax/handler.go:88.3,88.22 1 0
github.com/fnk2077/assessment-tax/tax/handler.go:88.22,90.4 1 0
github.com/fnk2077/assessment-tax/tax/handler.go:92.3,92.26 1 0
github.com/fnk2077/assessment-tax/tax/handler.go:92.26,94.4 1 0
github.com/fnk2077/assessment-tax/tax/handler.go:95.8,97.3 1 0
github.com/fnk2077/assessment-tax/tax/handler.go:99.2,101.40 3 0
github.com/fnk2077/assessment-tax/tax/handler.go:105.64,109.16 3 0
github.com/fnk2077/assessment-tax/tax/handler.go:109.16,111.3 1 0
github.com/fnk2077/assessment-tax/tax/handler.go:113.2,114.16 2 0
github.com/fnk2077/assessment-tax/tax/handler.go:114.16,116.3 1 0
github.com/fnk2077/assessment-tax/tax/handler.go:117.2,122.6 4 0
github.com/fnk2077/assessment-tax/tax/handler.go:122.6,124.20 2 0
github.com/fnk2077/assessment-tax/tax/handler.go:124.20,125.9 1 0
github.com/fnk2077/assessment-tax/tax/handler.go:127.3,127.17 1 0
github.com/fnk2077/assessment-tax/tax/handler.go:127.17,129.4 1 0
github.com/fnk2077/assessment-tax/tax/handler.go:131.3,132.17 2 0
github.com/fnk2077/assessment-tax/tax/handler.go:132.17,134.4 1 0
github.com/fnk2077/assessment-tax/tax/handler.go:135.3,136.17 2 0
github.com/fnk2077/assessment-tax/tax/handler.go:136.17,138.4 1 0
github.com/fnk2077/assessment-tax/tax/handler.go:139.3,140.17 2 0
github.com/fnk2077/assessment-tax/tax/handler.go:140.17,142.4 1 0
github.com/fnk2077/assessment-tax/tax/handler.go:144.3,148.5 1 0
github.com/fnk2077/assessment-tax/tax/handler.go:151.2,153.47 2 0
github.com/fnk2077/assessment-tax/tax/handler.go:153.47,166.17 4 0
github.com/fnk2077/assessment-tax/tax/handler.go:166.17,168.4 1 0
github.com/fnk2077/assessment-tax/tax/handler.go:169.3,171.63 2 0
github.com/fnk2077/assessment-tax/tax/handler.go:171.63,173.4 1 0
github.com/fnk2077/assessment-tax/tax/handler.go:173.9,175.4 1 0
github.com/fnk2077/assessment-tax/tax/handler.go:176.3,176.76 1 0
github.com/fnk2077/assessment-tax/tax/handler.go:179.2,179.46 1 0
github.com/fnk2077/assessment-tax/tax/handler.go:182.42,183.27 1 1
github.com/fnk2077/assessment-tax/tax/handler.go:183.27,185.3 1 1
github.com/fnk2077/assessment-tax/tax/handler.go:186.2,186.19 1 1
github.com/fnk2077/assessment-tax/tax/handler.go:186.19,188.3 1 1
github.com/fnk2077/assessment-tax/tax/handler.go:189.2,189.12 1 1
