mode: set
github.com/fnk2077/assessment-tax/docs/docs.go:118.13,120.2 1 0
github.com/fnk2077/assessment-tax/main.go:21.13,24.16 2 0
github.com/fnk2077/assessment-tax/main.go:24.16,25.13 1 0
github.com/fnk2077/assessment-tax/main.go:27.2,32.40 5 0
github.com/fnk2077/assessment-tax/main.go:32.40,34.3 1 0
github.com/fnk2077/assessment-tax/main.go:36.2,45.12 7 0
github.com/fnk2077/assessment-tax/main.go:45.12,46.89 1 0
github.com/fnk2077/assessment-tax/main.go:46.89,48.4 1 0
github.com/fnk2077/assessment-tax/main.go:51.2,57.40 7 0
github.com/fnk2077/assessment-tax/main.go:57.40,59.3 1 0
github.com/fnk2077/assessment-tax/middleware/auth.go:10.78,11.88 1 0
github.com/fnk2077/assessment-tax/middleware/auth.go:11.88,13.3 1 0
github.com/fnk2077/assessment-tax/middleware/auth.go:14.2,14.19 1 0
github.com/fnk2077/assessment-tax/postgres/postgres.go:17.31,20.16 2 0
github.com/fnk2077/assessment-tax/postgres/postgres.go:20.16,23.3 2 0
github.com/fnk2077/assessment-tax/postgres/postgres.go:24.2,25.16 2 0
github.com/fnk2077/assessment-tax/postgres/postgres.go:25.16,27.3 1 0
github.com/fnk2077/assessment-tax/postgres/postgres.go:29.2,30.68 2 0
github.com/fnk2077/assessment-tax/postgres/postgres.go:30.68,33.3 2 0
github.com/fnk2077/assessment-tax/postgres/postgres.go:35.2,35.30 1 0
github.com/fnk2077/assessment-tax/postgres/postgres.go:38.69,42.16 4 0
github.com/fnk2077/assessment-tax/postgres/postgres.go:42.16,44.3 1 0
github.com/fnk2077/assessment-tax/postgres/postgres.go:45.2,45.20 1 0
github.com/fnk2077/assessment-tax/postgres/postgres.go:48.57,50.16 2 0
github.com/fnk2077/assessment-tax/postgres/postgres.go:50.16,52.3 1 0
github.com/fnk2077/assessment-tax/postgres/postgres.go:53.2,53.13 1 0
github.com/fnk2077/assessment-tax/postgres/postgres.go:53.13,55.17 2 0
github.com/fnk2077/assessment-tax/postgres/postgres.go:55.17,57.4 1 0
github.com/fnk2077/assessment-tax/postgres/postgres.go:58.3,58.60 1 0
github.com/fnk2077/assessment-tax/postgres/postgres.go:60.2,60.12 1 0
github.com/fnk2077/assessment-tax/postgres/postgres.go:63.46,64.19 1 0
github.com/fnk2077/assessment-tax/postgres/postgres.go:65.20,71.80 1 0
github.com/fnk2077/assessment-tax/postgres/postgres.go:72.10,73.12 1 0
github.com/fnk2077/assessment-tax/postgres/tax.go:48.80,50.33 1 0
github.com/fnk2077/assessment-tax/postgres/tax.go:50.33,55.17 3 0
github.com/fnk2077/assessment-tax/postgres/tax.go:55.17,57.4 1 0
github.com/fnk2077/assessment-tax/postgres/tax.go:58.8,58.41 1 0
github.com/fnk2077/assessment-tax/postgres/tax.go:58.41,63.17 3 0
github.com/fnk2077/assessment-tax/postgres/tax.go:63.17,65.4 1 0
github.com/fnk2077/assessment-tax/postgres/tax.go:67.2,67.12 1 0
github.com/fnk2077/assessment-tax/postgres/tax.go:70.78,74.16 4 0
github.com/fnk2077/assessment-tax/postgres/tax.go:74.16,76.3 1 0
github.com/fnk2077/assessment-tax/postgres/tax.go:78.2,79.16 2 0
github.com/fnk2077/assessment-tax/postgres/tax.go:79.16,81.3 1 0
github.com/fnk2077/assessment-tax/postgres/tax.go:83.2,85.25 2 0
github.com/fnk2077/assessment-tax/postgres/tax.go:88.90,93.16 5 0
github.com/fnk2077/assessment-tax/postgres/tax.go:93.16,95.3 1 0
github.com/fnk2077/assessment-tax/postgres/tax.go:97.2,98.16 2 0
github.com/fnk2077/assessment-tax/postgres/tax.go:98.16,100.3 1 0
github.com/fnk2077/assessment-tax/postgres/tax.go:102.2,102.27 1 0
github.com/fnk2077/assessment-tax/postgres/tax.go:102.27,118.63 5 0
github.com/fnk2077/assessment-tax/postgres/tax.go:118.63,120.4 1 0
github.com/fnk2077/assessment-tax/postgres/tax.go:120.9,122.4 1 0
github.com/fnk2077/assessment-tax/postgres/tax.go:123.3,123.76 1 0
github.com/fnk2077/assessment-tax/postgres/tax.go:126.2,126.28 1 0
github.com/fnk2077/assessment-tax/postgres/tax.go:129.105,134.29 4 1
github.com/fnk2077/assessment-tax/postgres/tax.go:134.29,135.44 1 1
github.com/fnk2077/assessment-tax/postgres/tax.go:135.44,136.45 1 1
github.com/fnk2077/assessment-tax/postgres/tax.go:136.45,137.48 1 1
github.com/fnk2077/assessment-tax/postgres/tax.go:137.48,139.6 1 1
github.com/fnk2077/assessment-tax/postgres/tax.go:139.11,141.6 1 1
github.com/fnk2077/assessment-tax/postgres/tax.go:143.4,143.46 1 1
github.com/fnk2077/assessment-tax/postgres/tax.go:143.46,144.48 1 1
github.com/fnk2077/assessment-tax/postgres/tax.go:144.48,146.6 1 1
github.com/fnk2077/assessment-tax/postgres/tax.go:146.11,148.6 1 1
github.com/fnk2077/assessment-tax/postgres/tax.go:153.2,167.36 3 1
github.com/fnk2077/assessment-tax/postgres/tax.go:167.36,168.52 1 1
github.com/fnk2077/assessment-tax/postgres/tax.go:168.52,174.4 2 1
github.com/fnk2077/assessment-tax/postgres/tax.go:174.9,174.35 1 1
github.com/fnk2077/assessment-tax/postgres/tax.go:174.35,179.4 1 1
github.com/fnk2077/assessment-tax/postgres/tax.go:179.9,185.4 2 1
github.com/fnk2077/assessment-tax/postgres/tax.go:188.2,188.27 1 1
github.com/fnk2077/assessment-tax/postgres/tax.go:188.27,190.3 1 1
github.com/fnk2077/assessment-tax/postgres/tax.go:190.8,192.3 1 1
github.com/fnk2077/assessment-tax/postgres/tax.go:194.2,194.20 1 1
github.com/fnk2077/assessment-tax/tax/handler.go:26.30,28.2 1 1
github.com/fnk2077/assessment-tax/tax/handler.go:46.61,48.37 2 1
github.com/fnk2077/assessment-tax/tax/handler.go:48.37,50.3 1 1
github.com/fnk2077/assessment-tax/tax/handler.go:52.2,53.16 2 1
github.com/fnk2077/assessment-tax/tax/handler.go:53.16,55.3 1 1
github.com/fnk2077/assessment-tax/tax/handler.go:57.2,58.16 2 1
github.com/fnk2077/assessment-tax/tax/handler.go:58.16,60.3 1 1
github.com/fnk2077/assessment-tax/tax/handler.go:62.2,62.36 1 1
github.com/fnk2077/assessment-tax/tax/handler.go:65.64,69.37 2 1
github.com/fnk2077/assessment-tax/tax/handler.go:69.37,71.3 1 1
github.com/fnk2077/assessment-tax/tax/handler.go:73.2,75.33 3 1
github.com/fnk2077/assessment-tax/tax/handler.go:75.33,78.26 2 1
github.com/fnk2077/assessment-tax/tax/handler.go:78.26,80.4 1 1
github.com/fnk2077/assessment-tax/tax/handler.go:82.3,82.26 1 1
github.com/fnk2077/assessment-tax/tax/handler.go:82.26,84.4 1 1
github.com/fnk2077/assessment-tax/tax/handler.go:85.8,85.41 1 1
github.com/fnk2077/assessment-tax/tax/handler.go:85.41,88.22 2 1
github.com/fnk2077/assessment-tax/tax/handler.go:88.22,90.4 1 1
github.com/fnk2077/assessment-tax/tax/handler.go:92.3,92.26 1 1
github.com/fnk2077/assessment-tax/tax/handler.go:92.26,94.4 1 1
github.com/fnk2077/assessment-tax/tax/handler.go:95.8,97.3 1 1
github.com/fnk2077/assessment-tax/tax/handler.go:99.2,101.40 2 1
github.com/fnk2077/assessment-tax/tax/handler.go:104.64,108.16 3 1
github.com/fnk2077/assessment-tax/tax/handler.go:108.16,110.3 1 1
github.com/fnk2077/assessment-tax/tax/handler.go:112.2,113.16 2 1
github.com/fnk2077/assessment-tax/tax/handler.go:113.16,115.3 1 0
github.com/fnk2077/assessment-tax/tax/handler.go:116.2,121.6 4 1
github.com/fnk2077/assessment-tax/tax/handler.go:121.6,123.20 2 1
github.com/fnk2077/assessment-tax/tax/handler.go:123.20,124.9 1 1
github.com/fnk2077/assessment-tax/tax/handler.go:126.3,126.17 1 1
github.com/fnk2077/assessment-tax/tax/handler.go:126.17,128.4 1 0
github.com/fnk2077/assessment-tax/tax/handler.go:130.3,131.17 2 1
github.com/fnk2077/assessment-tax/tax/handler.go:131.17,133.4 1 1
github.com/fnk2077/assessment-tax/tax/handler.go:134.3,135.17 2 1
github.com/fnk2077/assessment-tax/tax/handler.go:135.17,137.4 1 1
github.com/fnk2077/assessment-tax/tax/handler.go:138.3,139.17 2 1
github.com/fnk2077/assessment-tax/tax/handler.go:139.17,141.4 1 1
github.com/fnk2077/assessment-tax/tax/handler.go:143.3,147.5 1 1
github.com/fnk2077/assessment-tax/tax/handler.go:150.2,151.16 2 1
github.com/fnk2077/assessment-tax/tax/handler.go:151.16,153.3 1 1
github.com/fnk2077/assessment-tax/tax/handler.go:155.2,155.46 1 1
github.com/fnk2077/assessment-tax/tax/handler.go:158.42,159.27 1 1
github.com/fnk2077/assessment-tax/tax/handler.go:159.27,161.3 1 1
github.com/fnk2077/assessment-tax/tax/handler.go:162.2,162.19 1 1
github.com/fnk2077/assessment-tax/tax/handler.go:162.19,164.3 1 1
github.com/fnk2077/assessment-tax/tax/handler.go:165.2,165.12 1 1
