mode: set
github.com/fnk2077/assessment-tax/tax/handler.go:25.30,27.2 1 1
github.com/fnk2077/assessment-tax/tax/handler.go:45.61,47.37 2 1
github.com/fnk2077/assessment-tax/tax/handler.go:47.37,49.3 1 1
github.com/fnk2077/assessment-tax/tax/handler.go:51.2,52.16 2 1
github.com/fnk2077/assessment-tax/tax/handler.go:52.16,54.3 1 1
github.com/fnk2077/assessment-tax/tax/handler.go:56.2,57.16 2 1
github.com/fnk2077/assessment-tax/tax/handler.go:57.16,59.3 1 1
github.com/fnk2077/assessment-tax/tax/handler.go:61.2,61.36 1 1
github.com/fnk2077/assessment-tax/tax/handler.go:77.64,81.37 2 1
github.com/fnk2077/assessment-tax/tax/handler.go:81.37,83.3 1 1
github.com/fnk2077/assessment-tax/tax/handler.go:85.2,87.33 3 1
github.com/fnk2077/assessment-tax/tax/handler.go:87.33,90.26 2 1
github.com/fnk2077/assessment-tax/tax/handler.go:90.26,92.4 1 1
github.com/fnk2077/assessment-tax/tax/handler.go:94.3,94.26 1 1
github.com/fnk2077/assessment-tax/tax/handler.go:94.26,96.4 1 1
github.com/fnk2077/assessment-tax/tax/handler.go:97.8,97.41 1 1
github.com/fnk2077/assessment-tax/tax/handler.go:97.41,100.22 2 1
github.com/fnk2077/assessment-tax/tax/handler.go:100.22,102.4 1 1
github.com/fnk2077/assessment-tax/tax/handler.go:104.3,104.26 1 1
github.com/fnk2077/assessment-tax/tax/handler.go:104.26,106.4 1 1
github.com/fnk2077/assessment-tax/tax/handler.go:107.8,109.3 1 1
github.com/fnk2077/assessment-tax/tax/handler.go:111.2,113.40 2 1
github.com/fnk2077/assessment-tax/tax/handler.go:127.64,131.16 3 1
github.com/fnk2077/assessment-tax/tax/handler.go:131.16,133.3 1 1
github.com/fnk2077/assessment-tax/tax/handler.go:135.2,136.16 2 1
github.com/fnk2077/assessment-tax/tax/handler.go:136.16,138.3 1 0
github.com/fnk2077/assessment-tax/tax/handler.go:139.2,144.6 4 1
github.com/fnk2077/assessment-tax/tax/handler.go:144.6,146.20 2 1
github.com/fnk2077/assessment-tax/tax/handler.go:146.20,147.9 1 1
github.com/fnk2077/assessment-tax/tax/handler.go:149.3,149.17 1 1
github.com/fnk2077/assessment-tax/tax/handler.go:149.17,151.4 1 0
github.com/fnk2077/assessment-tax/tax/handler.go:153.3,154.17 2 1
github.com/fnk2077/assessment-tax/tax/handler.go:154.17,156.4 1 1
github.com/fnk2077/assessment-tax/tax/handler.go:157.3,157.24 1 1
github.com/fnk2077/assessment-tax/tax/handler.go:157.24,159.4 1 1
github.com/fnk2077/assessment-tax/tax/handler.go:160.3,161.17 2 1
github.com/fnk2077/assessment-tax/tax/handler.go:161.17,163.4 1 1
github.com/fnk2077/assessment-tax/tax/handler.go:164.3,164.16 1 1
github.com/fnk2077/assessment-tax/tax/handler.go:164.16,166.4 1 1
github.com/fnk2077/assessment-tax/tax/handler.go:167.3,168.17 2 1
github.com/fnk2077/assessment-tax/tax/handler.go:168.17,170.4 1 1
github.com/fnk2077/assessment-tax/tax/handler.go:171.3,171.21 1 1
github.com/fnk2077/assessment-tax/tax/handler.go:171.21,173.4 1 1
github.com/fnk2077/assessment-tax/tax/handler.go:175.3,179.5 1 1
github.com/fnk2077/assessment-tax/tax/handler.go:183.2,184.16 2 1
github.com/fnk2077/assessment-tax/tax/handler.go:184.16,186.3 1 1
github.com/fnk2077/assessment-tax/tax/handler.go:188.2,188.46 1 1
github.com/fnk2077/assessment-tax/tax/handler.go:191.49,192.27 1 1
github.com/fnk2077/assessment-tax/tax/handler.go:192.27,194.3 1 1
github.com/fnk2077/assessment-tax/tax/handler.go:195.2,195.19 1 1
github.com/fnk2077/assessment-tax/tax/handler.go:195.19,197.3 1 1
github.com/fnk2077/assessment-tax/tax/handler.go:199.2,199.43 1 1
github.com/fnk2077/assessment-tax/tax/handler.go:199.43,200.29 1 1
github.com/fnk2077/assessment-tax/tax/handler.go:200.29,202.4 1 1
github.com/fnk2077/assessment-tax/tax/handler.go:203.3,203.86 1 1
github.com/fnk2077/assessment-tax/tax/handler.go:203.86,205.4 1 1
github.com/fnk2077/assessment-tax/tax/handler.go:208.2,208.12 1 1
